[22 Nov 2016 23:05:41] Building database metadata model
[22 Nov 2016 23:05:41] Properties: {partialRefresh=true, processColumnsUsingSelect=, includePrimaryKeys=true, eventSocketClient=com.webratio.commons.net.EventSocketClient@65642eab, includeTables=true, username=OwlLogin, outputLogPath=C:\WebRatio\WebRatio Platform 7.2.14.x64bit\workspace\MainOwlSpot\.Temp~\DB.xml.log, readIndexes=null, driverClass=com.microsoft.sqlserver.jdbc.SQLServerDriver, includeSynonyms=true, metaDataProviderClass=com.webratio.commons.db.metadata.SQLServerMetaDataProvider, outputPath=C:\WebRatio\WebRatio Platform 7.2.14.x64bit\workspace\MainOwlSpot\.Temp~\DB.xml, schemaRegex=null, readProcedures=null, includeViews=true, derby.system.home=C:\WebRatio\WebRatio Platform 7.2.14.x64bit\workspace\.metadata\.plugins\com.webratio.commons.db\derby, url=jdbc:sqlserver://173.162.75.166:1433;databaseName=OwlSpot, tableRegex=null, readSQLDefinitions=true, includeForeignKeys=false, retrieveAllNames=false, tablesToRefresh=dbo.PROBLEMS, eventSocketPort=51829}
[22 Nov 2016 23:05:41] URL: jdbc:sqlserver://173.162.75.166:1433;authenticationScheme=nativeAuthentication;xopenStates=false;sendTimeAsDatetime=true;trustServerCertificate=false;sendStringParametersAsUnicode=true;selectMethod=direct;responseBuffering=adaptive;packetSize=8000;multiSubnetFailover=false;loginTimeout=15;lockTimeout=-1;lastUpdateCount=true;encrypt=false;disableStatementPooling=true;databaseName=OwlSpot;applicationName=Microsoft JDBC Driver for SQL Server;applicationIntent=readwrite;
[22 Nov 2016 23:05:41] Product name: Microsoft SQL Server
[22 Nov 2016 23:05:41] Product version: 11.00.6020
[22 Nov 2016 23:05:41] Driver name: Microsoft JDBC Driver 4.0 for SQL Server
[22 Nov 2016 23:05:41] Driver version: 4.0.4621.201
[22 Nov 2016 23:05:41] Driver major version: 4
[22 Nov 2016 23:05:41] Driver minor version: 0
[22 Nov 2016 23:05:41] Identifier quote string: 0
[22 Nov 2016 23:05:41] Retrieving schemas
[22 Nov 2016 23:05:41]   Found schema: db_accessadmin
[22 Nov 2016 23:05:41]   Found schema: db_backupoperator
[22 Nov 2016 23:05:41]   Found schema: db_datareader
[22 Nov 2016 23:05:41]   Found schema: db_datawriter
[22 Nov 2016 23:05:41]   Found schema: db_ddladmin
[22 Nov 2016 23:05:41]   Found schema: db_denydatareader
[22 Nov 2016 23:05:41]   Found schema: db_denydatawriter
[22 Nov 2016 23:05:41]   Found schema: db_owner
[22 Nov 2016 23:05:41]   Found schema: db_securityadmin
[22 Nov 2016 23:05:41]   Found schema: dbo
[22 Nov 2016 23:05:41]   Found schema: guest
[22 Nov 2016 23:05:41]   Found schema: INFORMATION_SCHEMA
[22 Nov 2016 23:05:41]   Found schema: sys
[22 Nov 2016 23:05:41] Retrieving [TABLE, VIEW, SYNONYM] for schema 'db_accessadmin'
[22 Nov 2016 23:05:41] Retrieving [TABLE, VIEW, SYNONYM] for schema 'db_backupoperator'
[22 Nov 2016 23:05:41] Retrieving [TABLE, VIEW, SYNONYM] for schema 'db_datareader'
[22 Nov 2016 23:05:41] Retrieving [TABLE, VIEW, SYNONYM] for schema 'db_datawriter'
[22 Nov 2016 23:05:41] Retrieving [TABLE, VIEW, SYNONYM] for schema 'db_ddladmin'
[22 Nov 2016 23:05:41] Retrieving [TABLE, VIEW, SYNONYM] for schema 'db_denydatareader'
[22 Nov 2016 23:05:41] Retrieving [TABLE, VIEW, SYNONYM] for schema 'db_denydatawriter'
[22 Nov 2016 23:05:41] Retrieving [TABLE, VIEW, SYNONYM] for schema 'db_owner'
[22 Nov 2016 23:05:41] Retrieving [TABLE, VIEW, SYNONYM] for schema 'db_securityadmin'
[22 Nov 2016 23:05:41] Retrieving [TABLE, VIEW, SYNONYM] for schema 'dbo'
[22 Nov 2016 23:05:42]   Found 'dbo.PROBLEMS' [type = TABLE]
[22 Nov 2016 23:05:42] Retrieving [TABLE, VIEW, SYNONYM] for schema 'guest'
[22 Nov 2016 23:05:42] Retrieving [TABLE, VIEW, SYNONYM] for schema 'INFORMATION_SCHEMA'
[22 Nov 2016 23:05:42] Retrieving [TABLE, VIEW, SYNONYM] for schema 'sys'
[22 Nov 2016 23:05:42] Retrieving columns for 'dbo.PROBLEMS' [type = TABLE]
[22 Nov 2016 23:05:42]   Found column: OID [type = int][SQL/XOPEN type = 4][size = 10][dec. digits = 0]
[22 Nov 2016 23:05:42]   Found column: IMAGE [type = varchar][SQL/XOPEN type = 12][size = 255][dec. digits = 0]
[22 Nov 2016 23:05:42]   Found column: DESCRIPTION [type = varchar][SQL/XOPEN type = 12][size = 255][dec. digits = 0]
[22 Nov 2016 23:05:42]   Found column: INCIDENT_TYPE [type = varchar][SQL/XOPEN type = 12][size = 255][dec. digits = 0]
[22 Nov 2016 23:05:42]   Found column: DATE [type = date][SQL/XOPEN type = 91][size = 10][dec. digits = 0]
[22 Nov 2016 23:05:42]   Found column: Z_NUMBER [type = varchar][SQL/XOPEN type = 12][size = 255][dec. digits = 0]
[22 Nov 2016 23:05:42]   Found column: EMAIL [type = varchar][SQL/XOPEN type = 12][size = 255][dec. digits = 0]
[22 Nov 2016 23:05:42]   Found column: LAST_NAME [type = varchar][SQL/XOPEN type = 12][size = 255][dec. digits = 0]
[22 Nov 2016 23:05:42]   Found column: FIRST_NAME [type = varchar][SQL/XOPEN type = 12][size = 255][dec. digits = 0]
[22 Nov 2016 23:05:42] Retrieving primary keys for 'dbo.PROBLEMS' [type = TABLE]
[22 Nov 2016 23:05:42]   Found primary key column: OID
[22 Nov 2016 23:05:42] Database metadata retrieved (1464 ms)
[22 Nov 2016 23:05:42] Database connection closed
